[1229/231004.034:ERROR:directory_reader_win.cc(43)] FindFirstFile: The system cannot find the path specified. (0x3)
[1231/190931.302:ERROR:directory_reader_win.cc(43)] FindFirstFile: The system cannot find the path specified. (0x3)
[0101/152737.543:ERROR:directory_reader_win.cc(43)] FindFirstFile: The system cannot find the path specified. (0x3)
[0102/221740.943:ERROR:directory_reader_win.cc(43)] FindFirstFile: The system cannot find the path specified. (0x3)
[0103/203636.164:ERROR:directory_reader_win.cc(43)] FindFirstFile: The system cannot find the path specified. (0x3)
[0104/153434.967:ERROR:directory_reader_win.cc(43)] FindFirstFile: The system cannot find the path specified. (0x3)
[0107/233449.181:ERROR:directory_reader_win.cc(43)] FindFirstFile: The system cannot find the path specified. (0x3)
[0108/145902.549:ERROR:directory_reader_win.cc(43)] FindFirstFile: The system cannot find the path specified. (0x3)
[0109/000633.002:ERROR:process_reader_win.cc(123)] NtOpenThread: {Access Denied} A process has requested access to an object, but has not been granted those access rights. (0xc0000022)
[0109/000633.008:ERROR:process_reader_win.cc(123)] NtOpenThread: {Access Denied} A process has requested access to an object, but has not been granted those access rights. (0xc0000022)
[0109/000633.002:ERROR:process_reader_win.cc(123)] NtOpenThread: {Access Denied} A process has requested access to an object, but has not been granted those access rights. (0xc0000022)
[0109/000633.026:ERROR:process_reader_win.cc(123)] NtOpenThread: {Access Denied} A process has requested access to an object, but has not been granted those access rights. (0xc0000022)
[0109/000633.018:ERROR:process_reader_win.cc(123)] NtOpenThread: {Access Denied} A process has requested access to an object, but has not been granted those access rights. (0xc0000022)
[0109/000633.037:ERROR:process_reader_win.cc(123)] NtOpenThread: {Access Denied} A process has requested access to an object, but has not been granted those access rights. (0xc0000022)
[0109/000633.115:ERROR:exception_snapshot_win.cc(99)] thread ID 14852 not found in process
[0109/000633.115:ERROR:exception_snapshot_win.cc(99)] thread ID 10828 not found in process
[0109/000633.116:ERROR:exception_snapshot_win.cc(99)] thread ID 12592 not found in process
[0109/000633.116:ERROR:exception_snapshot_win.cc(99)] thread ID 5860 not found in process
[0109/000633.116:ERROR:exception_snapshot_win.cc(99)] thread ID 5508 not found in process
[0109/000633.116:ERROR:exception_snapshot_win.cc(99)] thread ID 9176 not found in process
[0109/150432.685:ERROR:directory_reader_win.cc(43)] FindFirstFile: The system cannot find the path specified. (0x3)
[0110/170528.204:ERROR:directory_reader_win.cc(43)] FindFirstFile: The system cannot find the path specified. (0x3)
[0111/003753.160:ERROR:process_reader_win.cc(151)] SuspendThread: Access is denied. (0x5)
[0111/003753.162:ERROR:process_reader_win.cc(123)] NtOpenThread: {Access Denied} A process has requested access to an object, but has not been granted those access rights. (0xc0000022)
[0111/003753.160:ERROR:process_reader_win.cc(123)] NtOpenThread: {Access Denied} A process has requested access to an object, but has not been granted those access rights. (0xc0000022)
[0111/003753.160:ERROR:process_reader_win.cc(123)] NtOpenThread: {Access Denied} A process has requested access to an object, but has not been granted those access rights. (0xc0000022)
[0111/003753.154:ERROR:process_reader_win.cc(123)] NtOpenThread: {Access Denied} A process has requested access to an object, but has not been granted those access rights. (0xc0000022)
[0111/003753.171:ERROR:exception_snapshot_win.cc(99)] thread ID 15392 not found in process
[0111/003753.171:ERROR:exception_snapshot_win.cc(99)] thread ID 1556 not found in process
[0111/003753.171:ERROR:exception_snapshot_win.cc(99)] thread ID 8668 not found in process
[0111/003753.172:ERROR:exception_snapshot_win.cc(99)] thread ID 13044 not found in process
[0111/003753.188:ERROR:process_reader_win.cc(123)] NtOpenThread: {Access Denied} A process has requested access to an object, but has not been granted those access rights. (0xc0000022)
[0111/003753.189:ERROR:exception_snapshot_win.cc(99)] thread ID 6456 not found in process
[0112/174241.170:ERROR:directory_reader_win.cc(43)] FindFirstFile: The system cannot find the path specified. (0x3)
[0113/002108.738:ERROR:process_reader_win.cc(151)] SuspendThread: Access is denied. (0x5)
[0113/002108.738:ERROR:process_reader_win.cc(151)] SuspendThread: Access is denied. (0x5)
[0113/002108.738:ERROR:process_reader_win.cc(151)] SuspendThread: Access is denied. (0x5)
[0113/002108.738:ERROR:process_reader_win.cc(151)] SuspendThread: Access is denied. (0x5)
[0113/002108.738:ERROR:process_reader_win.cc(151)] SuspendThread: Access is denied. (0x5)
[0113/002108.738:ERROR:process_reader_win.cc(151)] SuspendThread: Access is denied. (0x5)
[0113/002108.738:ERROR:process_reader_win.cc(151)] SuspendThread: Access is denied. (0x5)
[0113/002108.738:ERROR:process_reader_win.cc(151)] SuspendThread: Access is denied. (0x5)
[0113/002108.738:ERROR:process_reader_win.cc(151)] SuspendThread: Access is denied. (0x5)
[0113/002108.738:ERROR:process_reader_win.cc(151)] SuspendThread: Access is denied. (0x5)
[0113/002108.738:ERROR:process_reader_win.cc(151)] SuspendThread: Access is denied. (0x5)
[0113/002108.738:ERROR:process_reader_win.cc(151)] SuspendThread: Access is denied. (0x5)
[0113/002108.738:ERROR:process_reader_win.cc(151)] SuspendThread: Access is denied. (0x5)
[0113/002108.738:ERROR:process_reader_win.cc(151)] SuspendThread: Access is denied. (0x5)
[0113/002108.739:ERROR:process_reader_win.cc(151)] SuspendThread: Access is denied. (0x5)
[0113/002108.739:ERROR:process_reader_win.cc(151)] SuspendThread: Access is denied. (0x5)
[0113/002108.739:ERROR:process_reader_win.cc(151)] SuspendThread: Access is denied. (0x5)
[0113/002108.739:ERROR:process_reader_win.cc(151)] SuspendThread: Access is denied. (0x5)
[0113/002108.739:ERROR:process_reader_win.cc(151)] SuspendThread: Access is denied. (0x5)
[0113/002108.739:ERROR:process_reader_win.cc(151)] SuspendThread: Access is denied. (0x5)
[0113/002108.739:ERROR:process_reader_win.cc(151)] SuspendThread: Access is denied. (0x5)
[0113/002108.739:ERROR:process_reader_win.cc(151)] SuspendThread: Access is denied. (0x5)
[0113/002108.739:ERROR:process_reader_win.cc(151)] SuspendThread: Access is denied. (0x5)
[0113/002108.739:ERROR:process_reader_win.cc(151)] SuspendThread: Access is denied. (0x5)
[0113/002108.739:ERROR:process_reader_win.cc(151)] SuspendThread: Access is denied. (0x5)
[0113/002108.739:ERROR:process_reader_win.cc(151)] SuspendThread: Access is denied. (0x5)
[0113/002108.739:ERROR:process_reader_win.cc(151)] SuspendThread: Access is denied. (0x5)
[0113/002108.739:ERROR:process_reader_win.cc(151)] SuspendThread: Access is denied. (0x5)
[0113/002108.760:ERROR:process_reader_win.cc(151)] SuspendThread: Access is denied. (0x5)
[0113/002108.760:ERROR:process_reader_win.cc(151)] SuspendThread: Access is denied. (0x5)
[0113/002108.760:ERROR:process_reader_win.cc(151)] SuspendThread: Access is denied. (0x5)
[0113/002108.760:ERROR:process_reader_win.cc(151)] SuspendThread: Access is denied. (0x5)
[0113/002108.760:ERROR:process_reader_win.cc(151)] SuspendThread: Access is denied. (0x5)
[0113/002108.760:ERROR:process_reader_win.cc(151)] SuspendThread: Access is denied. (0x5)
[0113/002108.760:ERROR:process_reader_win.cc(151)] SuspendThread: Access is denied. (0x5)
[0113/002108.760:ERROR:process_reader_win.cc(151)] SuspendThread: Access is denied. (0x5)
[0113/002108.760:ERROR:process_reader_win.cc(151)] SuspendThread: Access is denied. (0x5)
[0113/002108.760:ERROR:process_reader_win.cc(151)] SuspendThread: Access is denied. (0x5)
[0113/002108.760:ERROR:process_reader_win.cc(151)] SuspendThread: Access is denied. (0x5)
[0113/002108.760:ERROR:process_reader_win.cc(151)] SuspendThread: Access is denied. (0x5)
[0113/002108.760:ERROR:process_reader_win.cc(151)] SuspendThread: Access is denied. (0x5)
[0113/002108.760:ERROR:process_reader_win.cc(151)] SuspendThread: Access is denied. (0x5)
[0113/002108.778:ERROR:process_reader_win.cc(151)] SuspendThread: Access is denied. (0x5)
[0113/002108.778:ERROR:process_reader_win.cc(151)] SuspendThread: Access is denied. (0x5)
[0113/002108.778:ERROR:process_reader_win.cc(151)] SuspendThread: Access is denied. (0x5)
[0113/002108.778:ERROR:process_reader_win.cc(151)] SuspendThread: Access is denied. (0x5)
[0113/002108.778:ERROR:process_reader_win.cc(151)] SuspendThread: Access is denied. (0x5)
[0113/002108.778:ERROR:process_reader_win.cc(151)] SuspendThread: Access is denied. (0x5)
[0113/002108.778:ERROR:process_reader_win.cc(151)] SuspendThread: Access is denied. (0x5)
[0113/002108.778:ERROR:process_reader_win.cc(151)] SuspendThread: Access is denied. (0x5)
[0113/002108.778:ERROR:process_reader_win.cc(151)] SuspendThread: Access is denied. (0x5)
[0113/002108.778:ERROR:process_reader_win.cc(151)] SuspendThread: Access is denied. (0x5)
[0113/002108.778:ERROR:process_reader_win.cc(151)] SuspendThread: Access is denied. (0x5)
[0113/002108.778:ERROR:process_reader_win.cc(151)] SuspendThread: Access is denied. (0x5)
[0113/002108.778:ERROR:process_reader_win.cc(151)] SuspendThread: Access is denied. (0x5)
[0113/002108.778:ERROR:process_reader_win.cc(151)] SuspendThread: Access is denied. (0x5)
[0113/002108.778:ERROR:process_reader_win.cc(151)] SuspendThread: Access is denied. (0x5)
[0113/002108.779:ERROR:process_reader_win.cc(151)] SuspendThread: Access is denied. (0x5)
[0113/002108.779:ERROR:process_reader_win.cc(151)] SuspendThread: Access is denied. (0x5)
[0113/002108.779:ERROR:process_reader_win.cc(151)] SuspendThread: Access is denied. (0x5)
[0113/002108.779:ERROR:process_reader_win.cc(151)] SuspendThread: Access is denied. (0x5)
[0113/002108.780:ERROR:process_reader_win.cc(151)] SuspendThread: Access is denied. (0x5)
[0113/002108.780:ERROR:process_reader_win.cc(151)] SuspendThread: Access is denied. (0x5)
[0113/002108.780:ERROR:process_reader_win.cc(151)] SuspendThread: Access is denied. (0x5)
[0113/002108.780:ERROR:process_reader_win.cc(151)] SuspendThread: Access is denied. (0x5)
[0113/002108.780:ERROR:process_reader_win.cc(151)] SuspendThread: Access is denied. (0x5)
[0113/002108.780:ERROR:process_reader_win.cc(151)] SuspendThread: Access is denied. (0x5)
[0113/002108.780:ERROR:process_reader_win.cc(151)] SuspendThread: Access is denied. (0x5)
[0113/002108.780:ERROR:process_reader_win.cc(151)] SuspendThread: Access is denied. (0x5)
[0113/002108.780:ERROR:process_reader_win.cc(151)] SuspendThread: Access is denied. (0x5)
[0113/002108.780:ERROR:process_reader_win.cc(151)] SuspendThread: Access is denied. (0x5)
[0113/002108.780:ERROR:process_reader_win.cc(151)] SuspendThread: Access is denied. (0x5)
[0113/002108.780:ERROR:process_reader_win.cc(151)] SuspendThread: Access is denied. (0x5)
[0113/002108.780:ERROR:process_reader_win.cc(151)] SuspendThread: Access is denied. (0x5)
[0113/002108.780:ERROR:process_reader_win.cc(151)] SuspendThread: Access is denied. (0x5)
[0113/002108.780:ERROR:process_reader_win.cc(151)] SuspendThread: Access is denied. (0x5)
[0113/002108.780:ERROR:process_reader_win.cc(123)] NtOpenThread: {Access Denied} A process has requested access to an object, but has not been granted those access rights. (0xc0000022)
[0113/002108.779:ERROR:process_reader_win.cc(123)] NtOpenThread: {Access Denied} A process has requested access to an object, but has not been granted those access rights. (0xc0000022)
[0113/002108.760:ERROR:process_reader_win.cc(123)] NtOpenThread: {Access Denied} A process has requested access to an object, but has not been granted those access rights. (0xc0000022)
[0113/002108.739:ERROR:process_reader_win.cc(123)] NtOpenThread: {Access Denied} A process has requested access to an object, but has not been granted those access rights. (0xc0000022)
[0113/002108.739:ERROR:process_reader_win.cc(123)] NtOpenThread: {Access Denied} A process has requested access to an object, but has not been granted those access rights. (0xc0000022)
[0113/002108.784:ERROR:exception_snapshot_win.cc(99)] thread ID 10504 not found in process
[0113/002108.784:ERROR:exception_snapshot_win.cc(99)] thread ID 6592 not found in process
[0113/002108.784:ERROR:exception_snapshot_win.cc(99)] thread ID 13144 not found in process
[0113/002108.784:ERROR:exception_snapshot_win.cc(99)] thread ID 14920 not found in process
[0113/002108.784:ERROR:exception_snapshot_win.cc(99)] thread ID 15584 not found in process
[0113/002108.808:ERROR:process_reader_win.cc(123)] NtOpenThread: {Access Denied} A process has requested access to an object, but has not been granted those access rights. (0xc0000022)
[0113/002108.808:ERROR:exception_snapshot_win.cc(99)] thread ID 14896 not found in process
[0122/213750.107:ERROR:directory_reader_win.cc(43)] FindFirstFile: The system cannot find the path specified. (0x3)
[0123/161849.826:ERROR:directory_reader_win.cc(43)] FindFirstFile: The system cannot find the path specified. (0x3)
[0124/010742.429:ERROR:process_reader_win.cc(151)] SuspendThread: Access is denied. (0x5)
[0124/010742.436:ERROR:process_reader_win.cc(151)] SuspendThread: Access is denied. (0x5)
[0124/010742.450:ERROR:process_reader_win.cc(123)] NtOpenThread: {Access Denied} A process has requested access to an object, but has not been granted those access rights. (0xc0000022)
[0124/010742.410:ERROR:process_reader_win.cc(123)] NtOpenThread: {Access Denied} A process has requested access to an object, but has not been granted those access rights. (0xc0000022)
[0124/010742.472:ERROR:exception_snapshot_win.cc(99)] thread ID 16492 not found in process
[0124/010742.450:ERROR:process_reader_win.cc(123)] NtOpenThread: {Access Denied} A process has requested access to an object, but has not been granted those access rights. (0xc0000022)
[0124/010742.469:ERROR:process_reader_win.cc(123)] NtOpenThread: {Access Denied} A process has requested access to an object, but has not been granted those access rights. (0xc0000022)
[0124/010742.473:ERROR:exception_snapshot_win.cc(99)] thread ID 1368 not found in process
[0124/010742.476:ERROR:exception_snapshot_win.cc(99)] thread ID 844 not found in process
[0124/010742.477:ERROR:exception_snapshot_win.cc(99)] thread ID 10856 not found in process
[0124/010742.471:ERROR:process_reader_win.cc(123)] NtOpenThread: {Access Denied} A process has requested access to an object, but has not been granted those access rights. (0xc0000022)
[0124/010742.599:ERROR:exception_snapshot_win.cc(99)] thread ID 3992 not found in process
[0124/010742.654:ERROR:process_reader_win.cc(123)] NtOpenThread: {Access Denied} A process has requested access to an object, but has not been granted those access rights. (0xc0000022)
[0124/010742.655:ERROR:exception_snapshot_win.cc(99)] thread ID 8972 not found in process
[0124/010742.676:ERROR:process_reader_win.cc(123)] NtOpenThread: {Access Denied} A process has requested access to an object, but has not been granted those access rights. (0xc0000022)
[0124/010742.698:ERROR:exception_snapshot_win.cc(99)] thread ID 6476 not found in process
[0124/010742.700:ERROR:process_reader_win.cc(123)] NtOpenThread: {Access Denied} A process has requested access to an object, but has not been granted those access rights. (0xc0000022)
[0124/010742.700:ERROR:exception_snapshot_win.cc(99)] thread ID 6160 not found in process
[0124/010742.751:ERROR:process_info.cc(329)] VirtualQueryEx: Access is denied. (0x5)
[0124/010742.751:ERROR:process_info.cc(556)] ReadMemoryInfo failed
[0124/010742.751:ERROR:process_memory_win.cc(39)] Failed to initialize ProcessInfo.
[0124/010742.762:ERROR:scoped_process_suspend.cc(40)] NtResumeProcess: An attempt was made to access an exiting process. (0xc000010a)
